<?xml version="1.0" encoding="UTF-8"?>
<!-- Generated by org.testng.reporters.JUnitReportReporter -->
<testsuite hostname="DESKTOP-5TUUHVS" failures="0" tests="1" name="flight.flight_reservation" time="15.084" errors="0" timestamp="18 Nov 2024 10:51:58 GMT">
  <testcase classname="flight.flight_reservation" name="reservation" time="15.084"/>
</testsuite> <!-- flight.flight_reservation -->
